<?xml version="1.0" encoding="UTF-8"?>
<testng-results skipped="0" failed="0" ignored="0" total="1" passed="1">
  <reporter-output>
  </reporter-output>
  <suite name="Default suite" duration-ms="55215" started-at="2019-05-14T10:45:28Z" finished-at="2019-05-14T10:46:23Z">
    <groups>
    </groups>
    <test name="Default test" duration-ms="55215" started-at="2019-05-14T10:45:28Z" finished-at="2019-05-14T10:46:23Z">
      <class name="core.LabDataScrapper">
        <test-method status="PASS" signature="setUp()[pri:0, instance:core.LabDataScrapper@7cbd213e]" name="setUp" is-config="true" duration-ms="2876" started-at="2019-05-14T10:45:28Z" finished-at="2019-05-14T10:45:31Z">
          <reporter-output>
          </reporter-output>
        </test-method> <!-- setUp -->
        <test-method status="PASS" signature="gettestnames()[pri:0, instance:core.LabDataScrapper@7cbd213e]" name="gettestnames" duration-ms="52315" started-at="2019-05-14T10:45:31Z" finished-at="2019-05-14T10:46:23Z">
          <reporter-output>
          </reporter-output>
        </test-method> <!-- gettestnames -->
      </class> <!-- core.LabDataScrapper -->
    </test> <!-- Default test -->
  </suite> <!-- Default suite -->
</testng-results>
